[debug] [2021-06-26T16:26:29.413Z] ----------------------------------------------------------------------
[debug] [2021-06-26T16:26:29.414Z] Command:       /usr/local/bin/node /usr/local/bin/firebase init
[debug] [2021-06-26T16:26:29.414Z] CLI Version:   9.14.0
[debug] [2021-06-26T16:26:29.414Z] Platform:      darwin
[debug] [2021-06-26T16:26:29.414Z] Node Version:  v14.17.0
[debug] [2021-06-26T16:26:29.416Z] Time:          Sat Jun 26 2021 23:26:29 GMT+0700 (Giờ Đông Dương)
[debug] [2021-06-26T16:26:29.416Z] ----------------------------------------------------------------------
[debug] 
[debug] [2021-06-26T16:26:29.423Z] > command requires scopes: ["email","openid","https://www.googleapis.com/auth/cloudplatformprojects.readonly","https://www.googleapis.com/auth/firebase","https://www.googleapis.com/auth/cloud-platform"]
[debug] [2021-06-26T16:26:29.423Z] > authorizing via signed-in user (chunghvse00254x@funix.edu.vn)
[info] 
     ######## #### ########  ######## ########     ###     ######  ########
     ##        ##  ##     ## ##       ##     ##  ##   ##  ##       ##
     ######    ##  ########  ######   ########  #########  ######  ######
     ##        ##  ##    ##  ##       ##     ## ##     ##       ## ##
     ##       #### ##     ## ######## ########  ##     ##  ######  ########

You're about to initialize a Firebase project in this directory:

  /Users/hoangchung/Desktop/Disney_APP/disney_app

[info] 
=== Project Setup
[info] 
[info] First, let's associate this project directory with a Firebase project.
[info] You can create multiple project aliases by running firebase use --add, 
[info] but for now we'll just set up a default project.
[info] 
[debug] [2021-06-26T16:26:50.075Z] > refreshing access token with scopes: []
[debug] [2021-06-26T16:26:50.076Z] >>> HTTP REQUEST POST https://www.googleapis.com/oauth2/v3/token  
 <request body omitted>
[debug] [2021-06-26T16:26:50.416Z] <<< HTTP RESPONSE 200 {"expires":"Mon, 01 Jan 1990 00:00:00 GMT","cache-control":"no-cache, no-store, max-age=0, must-revalidate","pragma":"no-cache","date":"Sat, 26 Jun 2021 16:26:50 GMT","content-type":"application/json; charset=utf-8","vary":"X-Origin, Referer, Origin,Accept-Encoding","server":"scaffolding on HTTPServer2","x-xss-protection":"0","x-frame-options":"SAMEORIGIN","x-content-type-options":"nosniff","alt-svc":"h3=\":443\"; ma=2592000,h3-29=\":443\"; ma=2592000,h3-T051=\":443\"; ma=2592000,h3-Q050=\":443\"; ma=2592000,h3-Q046=\":443\"; ma=2592000,h3-Q043=\":443\"; ma=2592000,quic=\":443\"; ma=2592000; v=\"46,43\"","accept-ranges":"none","transfer-encoding":"chunked"}
[debug] [2021-06-26T16:26:50.468Z] >>> [apiv2][query] GET https://firebase.googleapis.com/v1beta1/projects pageSize=100
[debug] [2021-06-26T16:26:51.231Z] <<< [apiv2][status] GET https://firebase.googleapis.com/v1beta1/projects 200
[debug] [2021-06-26T16:26:51.231Z] <<< [apiv2][body] GET https://firebase.googleapis.com/v1beta1/projects [omitted]
